[debug] [2021-12-12T12:19:59.309Z] ----------------------------------------------------------------------
[debug] [2021-12-12T12:19:59.315Z] Command:       C:\Program Files\nodejs\node.exe C:\Users\matte\AppData\Roaming\npm\node_modules\firebase-tools\lib\bin\firebase.js deploy
[debug] [2021-12-12T12:19:59.316Z] CLI Version:   9.23.1
[debug] [2021-12-12T12:19:59.316Z] Platform:      win32
[debug] [2021-12-12T12:19:59.316Z] Node Version:  v14.17.6
[debug] [2021-12-12T12:19:59.319Z] Time:          Sun Dec 12 2021 13:19:59 GMT+0100 (heure normale d’Europe centrale)
[debug] [2021-12-12T12:19:59.320Z] ----------------------------------------------------------------------
[debug] 
[debug] [2021-12-12T12:19:59.492Z] > command requires scopes: ["email","openid","https://www.googleapis.com/auth/cloudplatformprojects.readonly","https://www.googleapis.com/auth/firebase","https://www.googleapis.com/auth/cloud-platform"]
[debug] [2021-12-12T12:19:59.493Z] > authorizing via signed-in user (matteobm89250@gmail.com)
[debug] [2021-12-12T12:19:59.493Z] [iam] checking project disney-clone-bc86c for permissions ["firebase.projects.get","firebasehosting.sites.update","firebaserules.releases.create","firebaserules.releases.update","firebaserules.rulesets.create"]
[debug] [2021-12-12T12:19:59.499Z] >>> HTTP REQUEST POST https://cloudresourcemanager.googleapis.com/v1/projects/disney-clone-bc86c:testIamPermissions  
 {"permissions":["firebase.projects.get","firebasehosting.sites.update","firebaserules.releases.create","firebaserules.releases.update","firebaserules.rulesets.create"]}
[debug] [2021-12-12T12:20:00.552Z] <<< HTTP RESPONSE 200 {"content-type":"application/json; charset=UTF-8","vary":"X-Origin, Referer, Origin,Accept-Encoding","date":"Sun, 12 Dec 2021 12:19:56 GMT","server":"ESF","cache-control":"private","x-xss-protection":"0","x-frame-options":"SAMEORIGIN","x-content-type-options":"nosniff","server-timing":"gfet4t7; dur=556","alt-svc":"h3=\":443\"; ma=2592000,h3-29=\":443\"; ma=2592000,h3-Q050=\":443\"; ma=2592000,h3-Q046=\":443\"; ma=2592000,h3-Q043=\":443\"; ma=2592000,quic=\":443\"; ma=2592000; v=\"46,43\"","accept-ranges":"none","transfer-encoding":"chunked"}
[debug] [2021-12-12T12:20:00.556Z] > refreshing access token with scopes: []
[debug] [2021-12-12T12:20:00.557Z] >>> HTTP REQUEST POST https://www.googleapis.com/oauth2/v3/token  
 <request body omitted>
[debug] [2021-12-12T12:20:01.396Z] <<< HTTP RESPONSE 200 {"expires":"Mon, 01 Jan 1990 00:00:00 GMT","date":"Sun, 12 Dec 2021 12:19:57 GMT","pragma":"no-cache","cache-control":"no-cache, no-store, max-age=0, must-revalidate","content-type":"application/json; charset=utf-8","vary":"X-Origin, Referer, Origin,Accept-Encoding","server":"scaffolding on HTTPServer2","x-xss-protection":"0","x-frame-options":"SAMEORIGIN","x-content-type-options":"nosniff","alt-svc":"h3=\":443\"; ma=2592000,h3-29=\":443\"; ma=2592000,h3-Q050=\":443\"; ma=2592000,h3-Q046=\":443\"; ma=2592000,h3-Q043=\":443\"; ma=2592000,quic=\":443\"; ma=2592000; v=\"46,43\"","accept-ranges":"none","transfer-encoding":"chunked"}
[debug] [2021-12-12T12:20:01.438Z] >>> [apiv2][query] GET https://firebase.googleapis.com/v1beta1/projects/disney-clone-bc86c [none]
[debug] [2021-12-12T12:20:01.955Z] <<< [apiv2][status] GET https://firebase.googleapis.com/v1beta1/projects/disney-clone-bc86c 200
[debug] [2021-12-12T12:20:01.956Z] <<< [apiv2][body] GET https://firebase.googleapis.com/v1beta1/projects/disney-clone-bc86c {"projectId":"disney-clone-bc86c","projectNumber":"304989422989","displayName":"disney-clone","name":"projects/disney-clone-bc86c","resources":{"hostingSite":"disney-clone-bc86c","realtimeDatabaseInstance":"disney-clone-bc86c-default-rtdb","storageBucket":"disney-clone-bc86c.appspot.com","locationId":"us-central"},"state":"ACTIVE"}
[info] 
[info] === Deploying to 'disney-clone-bc86c'...
[info] 
[info] i  deploying storage, hosting 
[debug] [2021-12-12T12:20:01.965Z] > refreshing access token with scopes: ["email","https://www.googleapis.com/auth/cloud-platform","https://www.googleapis.com/auth/cloudplatformprojects.readonly","https://www.googleapis.com/auth/firebase","openid"]
[debug] [2021-12-12T12:20:01.965Z] >>> HTTP REQUEST POST https://www.googleapis.com/oauth2/v3/token  
 <request body omitted>
[debug] [2021-12-12T12:20:02.188Z] <<< HTTP RESPONSE 200 {"expires":"Mon, 01 Jan 1990 00:00:00 GMT","pragma":"no-cache","cache-control":"no-cache, no-store, max-age=0, must-revalidate","date":"Sun, 12 Dec 2021 12:19:58 GMT","content-type":"application/json; charset=utf-8","vary":"X-Origin, Referer, Origin,Accept-Encoding","server":"scaffolding on HTTPServer2","x-xss-protection":"0","x-frame-options":"SAMEORIGIN","x-content-type-options":"nosniff","alt-svc":"h3=\":443\"; ma=2592000,h3-29=\":443\"; ma=2592000,h3-Q050=\":443\"; ma=2592000,h3-Q046=\":443\"; ma=2592000,h3-Q043=\":443\"; ma=2592000,quic=\":443\"; ma=2592000; v=\"46,43\"","accept-ranges":"none","transfer-encoding":"chunked"}
[debug] [2021-12-12T12:20:02.206Z] >>> HTTP REQUEST GET https://appengine.googleapis.com/v1/apps/disney-clone-bc86c  
 
[debug] [2021-12-12T12:20:02.979Z] <<< HTTP RESPONSE 200 {"content-type":"application/json; charset=UTF-8","vary":"X-Origin, Referer, Origin,Accept-Encoding","date":"Sun, 12 Dec 2021 12:19:59 GMT","server":"ESF","cache-control":"private","x-xss-protection":"0","x-frame-options":"SAMEORIGIN","x-content-type-options":"nosniff","alt-svc":"h3=\":443\"; ma=2592000,h3-29=\":443\"; ma=2592000,h3-Q050=\":443\"; ma=2592000,h3-Q046=\":443\"; ma=2592000,h3-Q043=\":443\"; ma=2592000,quic=\":443\"; ma=2592000; v=\"46,43\"","accept-ranges":"none","transfer-encoding":"chunked"}
[info] i  firebase.storage: checking storage.rules for compilation errors... 
[debug] [2021-12-12T12:20:02.984Z] >>> HTTP REQUEST POST https://firebaserules.googleapis.com/v1/projects/disney-clone-bc86c:test  
 {"source":{"files":[{"name":"storage.rules","content":"rules_version = '2';\nservice firebase.storage {\n  match /b/{bucket}/o {\n    match /{allPaths=**} {\n      allow read, write: if request.auth!=null;\n    }\n  }\n}\n"}]}}
[debug] [2021-12-12T12:20:03.884Z] <<< HTTP RESPONSE 200 {"content-type":"application/json; charset=UTF-8","vary":"X-Origin, Referer, Origin,Accept-Encoding","date":"Sun, 12 Dec 2021 12:20:00 GMT","server":"ESF","cache-control":"private","x-xss-protection":"0","x-frame-options":"SAMEORIGIN","x-content-type-options":"nosniff","alt-svc":"h3=\":443\"; ma=2592000,h3-29=\":443\"; ma=2592000,h3-Q050=\":443\"; ma=2592000,h3-Q046=\":443\"; ma=2592000,h3-Q043=\":443\"; ma=2592000,quic=\":443\"; ma=2592000; v=\"46,43\"","accept-ranges":"none","transfer-encoding":"chunked"}
[info] +  firebase.storage: rules file storage.rules compiled successfully 
[debug] [2021-12-12T12:20:03.892Z] >>> HTTP REQUEST POST https://firebasehosting.googleapis.com/v1beta1/sites/disney-clone-bc86c/versions  
 {"config":{"rewrites":[{"glob":"**","path":"/index.html"}]},"labels":{"deployment-tool":"cli-firebase"}}
[debug] [2021-12-12T12:20:05.336Z] <<< HTTP RESPONSE 200 {"content-type":"application/json; charset=UTF-8","vary":"X-Origin, Referer, Origin,Accept-Encoding","date":"Sun, 12 Dec 2021 12:20:01 GMT","server":"ESF","cache-control":"private","x-xss-protection":"0","x-frame-options":"SAMEORIGIN","x-content-type-options":"nosniff","alt-svc":"h3=\":443\"; ma=2592000,h3-29=\":443\"; ma=2592000,h3-Q050=\":443\"; ma=2592000,h3-Q046=\":443\"; ma=2592000,h3-Q043=\":443\"; ma=2592000,quic=\":443\"; ma=2592000; v=\"46,43\"","accept-ranges":"none","transfer-encoding":"chunked"}
[debug] [2021-12-12T12:20:05.341Z] >>> HTTP REQUEST GET https://firebaserules.googleapis.com/v1/projects/disney-clone-bc86c/releases?pageSize=10&pageToken=  
 
[debug] [2021-12-12T12:20:06.182Z] <<< HTTP RESPONSE 200 {"content-type":"application/json; charset=UTF-8","vary":"X-Origin, Referer, Origin,Accept-Encoding","date":"Sun, 12 Dec 2021 12:20:02 GMT","server":"ESF","cache-control":"private","x-xss-protection":"0","x-frame-options":"SAMEORIGIN","x-content-type-options":"nosniff","alt-svc":"h3=\":443\"; ma=2592000,h3-29=\":443\"; ma=2592000,h3-Q050=\":443\"; ma=2592000,h3-Q046=\":443\"; ma=2592000,h3-Q043=\":443\"; ma=2592000,quic=\":443\"; ma=2592000; v=\"46,43\"","accept-ranges":"none","transfer-encoding":"chunked"}
[debug] [2021-12-12T12:20:06.187Z] >>> HTTP REQUEST GET https://firebaserules.googleapis.com/v1/projects/disney-clone-bc86c/rulesets/3957e024-a11a-4495-9bb8-5b015408eaea  
 
[debug] [2021-12-12T12:20:07.099Z] <<< HTTP RESPONSE 200 {"content-type":"application/json; charset=UTF-8","vary":"X-Origin, Referer, Origin,Accept-Encoding","date":"Sun, 12 Dec 2021 12:20:03 GMT","server":"ESF","cache-control":"private","x-xss-protection":"0","x-frame-options":"SAMEORIGIN","x-content-type-options":"nosniff","alt-svc":"h3=\":443\"; ma=2592000,h3-29=\":443\"; ma=2592000,h3-Q050=\":443\"; ma=2592000,h3-Q046=\":443\"; ma=2592000,h3-Q043=\":443\"; ma=2592000,quic=\":443\"; ma=2592000; v=\"46,43\"","accept-ranges":"none","transfer-encoding":"chunked"}
[info] i  storage: uploading rules storage.rules... 
[debug] [2021-12-12T12:20:07.108Z] >>> HTTP REQUEST POST https://firebaserules.googleapis.com/v1/projects/disney-clone-bc86c/rulesets  
 {"source":{"files":[{"name":"storage.rules","content":"rules_version = '2';\nservice firebase.storage {\n  match /b/{bucket}/o {\n    match /{allPaths=**} {\n      allow read, write: if request.auth!=null;\n    }\n  }\n}\n"}]}}
[debug] [2021-12-12T12:20:08.134Z] <<< HTTP RESPONSE 200 {"content-type":"application/json; charset=UTF-8","vary":"X-Origin, Referer, Origin,Accept-Encoding","date":"Sun, 12 Dec 2021 12:20:04 GMT","server":"ESF","cache-control":"private","x-xss-protection":"0","x-frame-options":"SAMEORIGIN","x-content-type-options":"nosniff","alt-svc":"h3=\":443\"; ma=2592000,h3-29=\":443\"; ma=2592000,h3-Q050=\":443\"; ma=2592000,h3-Q046=\":443\"; ma=2592000,h3-Q043=\":443\"; ma=2592000,quic=\":443\"; ma=2592000; v=\"46,43\"","accept-ranges":"none","transfer-encoding":"chunked"}
[debug] [2021-12-12T12:20:08.136Z] [rules] created ruleset projects/disney-clone-bc86c/rulesets/35f17931-503f-47b5-b3f1-6fdba0a1959f
[info] i  hosting[disney-clone-bc86c]: beginning deploy... 
[info] i  hosting[disney-clone-bc86c]: found 52 files in ./build 
[debug] [2021-12-12T12:20:08.207Z] > refreshing access token with scopes: []
[debug] [2021-12-12T12:20:08.208Z] >>> HTTP REQUEST POST https://www.googleapis.com/oauth2/v3/token  
 <request body omitted>
[debug] [2021-12-12T12:20:08.213Z] [hosting] hash cache [YnVpbGQ] stored for 52 files
[debug] [2021-12-12T12:20:08.214Z] [hosting][hash queue][FINAL] {"max":8,"min":0,"avg":0.9803921568627451,"active":0,"complete":52,"success":52,"errored":0,"retried":0,"total":52,"elapsed":16}
[debug] [2021-12-12T12:20:08.519Z] <<< HTTP RESPONSE 200 {"cache-control":"no-cache, no-store, max-age=0, must-revalidate","expires":"Mon, 01 Jan 1990 00:00:00 GMT","date":"Sun, 12 Dec 2021 12:20:04 GMT","pragma":"no-cache","content-type":"application/json; charset=utf-8","vary":"X-Origin, Referer, Origin,Accept-Encoding","server":"scaffolding on HTTPServer2","x-xss-protection":"0","x-frame-options":"SAMEORIGIN","x-content-type-options":"nosniff","alt-svc":"h3=\":443\"; ma=2592000,h3-29=\":443\"; ma=2592000,h3-Q050=\":443\"; ma=2592000,h3-Q046=\":443\"; ma=2592000,h3-Q043=\":443\"; ma=2592000,quic=\":443\"; ma=2592000; v=\"46,43\"","accept-ranges":"none","transfer-encoding":"chunked"}
[debug] [2021-12-12T12:20:08.552Z] >>> [apiv2][query] POST https://firebasehosting.googleapis.com/v1beta1/sites/disney-clone-bc86c/versions/73113e1150ac36ea:populateFiles [none]
[debug] [2021-12-12T12:20:08.552Z] >>> [apiv2][body] POST https://firebasehosting.googleapis.com/v1beta1/sites/disney-clone-bc86c/versions/73113e1150ac36ea:populateFiles {"files":{"/asset-manifest.json":"21624c75de25e5672605952e4327a0893419c38b7e79e2ac222701a0cda7fc3b","/index.html":"056d28199c7a50df4781cc0543f834e2fcb891de4fab5c22af662053ae754f6d","/manifest.json":"838f591a9b5a1766aab316204016ff2b90cd7dd56836f471910eeb83f5881dbd","/robots.txt":"bfe106a3fb878dc83461c86818bf74fc1bdc7f28538ba613cd3e775516ce8b49","/image/coco.jpg":"703b2a2c7de1ec039b07a008f9b44f05b82f44156423a0a820cee552b7967d3e","/image/cta-logo-one.svg":"66ce22e859b8bde4fa8aaf450f855529f02864f8bbbb9212ed40f8217a8ca747","/image/cta-logo-two.png":"b9b285d313e3f7f912d2798bff9aaa746e77869160f3342d72ed338b84c5a20a","/image/favicon.svg":"5a920e79285527d616f1b76a8fc13283143f7ea1b12187a05e75318027a0c419","/image/group-icon.png":"1798cb8ad7edb1138131e47b6817f65c4a55627cbaeaa979afad659d15abfd19","/image/hawk.jpg":"60caa407add07c9d23eae6ebd38c019b9794e6dd65dc77a7b34ac77ab5a88a60","/image/home-background.png":"da30f5f71771e53a6c4a9b7b230cd5e53170f51f18454482442e6b8f9b941bca","/image/home-icon.svg":"f5b4007dff7c18edadc6cc773b20f2bcec6242604045d944199758aefc086285","/image/login-background.jpg":"bbfc903274847c5dc1100ec0ed045c3d953866bd6680b0651f9925413c2fe83c","/image/logo.svg":"e25daeaa18d66d4fb7fa4d5d8ddcdad6998f7857f053f3215988eecfd5c8e84d","/image/loki.jpg":"13c0dbc73dba8114a121490f620b7c7620725d589283cf6eff61b5143d434387","/image/movie-icon.svg":"d1ab665dd306e65aa4e62f85d2a13cd9f8da4d91b746059b62b6e0b88465789f","/image/original-icon.svg":"f7343ba4e23979b11ede53671b5c9a97d519b60836bac82e872a497faf603c09","/image/play-icon-black.png":"c3387af7b93ec8277ec5b9a55f56bd7abc2c20094b6e566077715c8d8a38392a","/image/play-icon-white.png":"0229cddaba90d2c69898d6198ebfca134a73cb48da68c221117c979e870f22ee","/image/raya.jpg":"4b6e8ab90d7c1e6a08031297b4caddde2b44c266995d61a193777eec9d75d8a2","/image/search-icon.svg":"922033f1f347cb14781c1f1802e1975475f4f677112e5b81023a4d46e103e57d","/image/series-icon.svg":"649c2bdfca076bcb9bf6eede2b5a7a865a2058e8ce224678f8df731cbcbe5429","/image/slider-badag.jpg":"96a8ca6da0fecf5f8a0720dd762f44a67ec7d7cd6b5f104cb3055d88e4d7128d","/image/slider-badging.jpg":"bf442e7f764a86daa6fb6d14140d9afe7cda865d75bbb1c2fad8c2988a4c82dc","/image/slider-scale.jpg":"db3022ddc406882b1ff329bb6d3578f70b3393115d9fbf6695361e001e290fcd","/image/slider-scales.jpg":"9371d8e5eb2a6107c91977877930553dce149a29e7b80462296f419a047015a9","/image/viewers-disney.png":"aa5eff06f089b2e52225238c5560eb935d31c6f244c6ff7ceb7de46215e72d26","/image/viewers-marvel.png":"94bddd6c074238483a891a5c0e69fcadd2aa6781b0332f022859fe67ba90ff31","/image/viewers-national.png":"fcbbb9883766d4d49beaf561d20d5743fbe1351bb18a35db54e042b5c16ddcf5","/image/viewers-pixar.png":"cffb46dc9cdd4051ede17067e0571381053fce7c0bd3851ba3c5acc2f04b7bc3","/image/viewers-starwars.png":"aeb6d50178afdf24e6e6728f75040865ab6442290e0afa7c0c2c4617bb41fc16","/image/watchlist-icon.svg":"92c817ceaea1aa0ec269065f22bc34c0ddc395d99b706a59db7cbf92cfb2a9f7","/static/css/2.165ff965.chunk.css":"5c1797392ed8ad280903aff0d21cea86bdf64736f55ef83f64e05b26868e98fb","/static/css/2.165ff965.chunk.css.map":"c8d206c68067a0cef562433e79488c522e1dcb5b5098faeacd44926eb169acc4","/static/css/main.0cb162c2.chunk.css":"631f2baf0ff568bc3efa9e9dc7f24bed90bc9a971e21704abfe786a854172ac3","/static/css/main.0cb162c2.chunk.css.map":"a0ec2263e62a356f7699fbd118be5c5d0c6e3fc97afa252fa44d1c976fb4b7f0","/static/js/2.28979e9c.chunk.js":"7e999dccb5de285aa7d6142693eb7657ff0d25e6d2ebedf7bb64403b7502c0eb","/static/js/2.28979e9c.chunk.js.LICENSE.txt":"eacf3bc4cfddc55202506ffc2132b94ef316f0123a82423892ec634ccc65b4e8","/static/js/2.28979e9c.chunk.js.map":"116fc8b83ea7275807243c31c1cb944484a14688da783ebda9dc2932f76d1036","/static/js/main.11a2b1e5.chunk.js":"ef547c89cb81ca8db125f43902919767587b5d82f16ac0b73ecc35a0bf480da6","/static/js/main.11a2b1e5.chunk.js.map":"82fc861ecbcc73013bcd460a5301a9eb4482655300f4aa673353b0bb64b002a0","/static/js/runtime-main.b0143e5e.js":"abdceca758e4596b8b41ab7a1597fa8bd0e1710a089a7d55667246d776693303","/static/js/runtime-main.b0143e5e.js.map":"b43ddfbe839ce62b9e5adc71aa26f6ae1c8fbf8a9a1a37d7a1bebb9e1506955a","/static/media/slick.2630a3e3.svg":"d00477d40ed40fa1dd3bdee27d9286804121b15fea83bae7d5415d902b055de0","/static/media/slick.29518378.woff":"029a727c9e1081d2f9e1015f02f18da88f268512ea4f58589a6f17f532928530","/static/media/slick.a4e97f5a.eot":"52b9a169969e053d43df6bd21c4dc789c2518d99afd8590a17ef50cd24c77cf6","/static/media/slick.c94f7671.ttf":"6aad751007cf9a89350af287f824ab64f096c472c7c9c679fb3d55b6174fc004","/video/1564674844-disney.mp4":"b75349f41e10181823c43a00643e114d9f54d1b6a610fba093ea2fc4a6f0cbda","/video/1564676115-marvel.mp4":"07e87ef642059ba8e7f3dd827b3fad2c2fd69d10ce3c1bf68c57d964180c1c86","/video/1564676296-national-geographic.mp4":"aa332a3912f9f579500863a8e7d63914d233b5def54eff2085374fb4060cc844","/video/1564676714-pixar.mp4":"bfd93694d25b61726ad8ac0a81c79fc69ad0f25284363d370668d7246f291e20","/video/1608229455-star-wars.mp4":"b85f3e4140753c833e8d470f60c2d2fb0c83528d903f6ccd1e040df0514117e4"}}
[debug] [2021-12-12T12:20:10.012Z] <<< [apiv2][status] POST https://firebasehosting.googleapis.com/v1beta1/sites/disney-clone-bc86c/versions/73113e1150ac36ea:populateFiles 200
[debug] [2021-12-12T12:20:10.013Z] <<< [apiv2][body] POST https://firebasehosting.googleapis.com/v1beta1/sites/disney-clone-bc86c/versions/73113e1150ac36ea:populateFiles {"uploadRequiredHashes":["bbfc903274847c5dc1100ec0ed045c3d953866bd6680b0651f9925413c2fe83c","b75349f41e10181823c43a00643e114d9f54d1b6a610fba093ea2fc4a6f0cbda","b85f3e4140753c833e8d470f60c2d2fb0c83528d903f6ccd1e040df0514117e4","07e87ef642059ba8e7f3dd827b3fad2c2fd69d10ce3c1bf68c57d964180c1c86","bfd93694d25b61726ad8ac0a81c79fc69ad0f25284363d370668d7246f291e20","aa332a3912f9f579500863a8e7d63914d233b5def54eff2085374fb4060cc844"],"uploadUrl":"https://upload-firebasehosting.googleapis.com/upload/sites/disney-clone-bc86c/versions/73113e1150ac36ea/files"}
[debug] [2021-12-12T12:20:10.021Z] >>> [apiv2][query] POST https://upload-firebasehosting.googleapis.com/upload/sites/disney-clone-bc86c/versions/73113e1150ac36ea/files/bbfc903274847c5dc1100ec0ed045c3d953866bd6680b0651f9925413c2fe83c [none]
[debug] [2021-12-12T12:20:10.021Z] >>> [apiv2][body] POST https://upload-firebasehosting.googleapis.com/upload/sites/disney-clone-bc86c/versions/73113e1150ac36ea/files/bbfc903274847c5dc1100ec0ed045c3d953866bd6680b0651f9925413c2fe83c [stream]
[debug] [2021-12-12T12:20:10.023Z] >>> [apiv2][query] POST https://upload-firebasehosting.googleapis.com/upload/sites/disney-clone-bc86c/versions/73113e1150ac36ea/files/b75349f41e10181823c43a00643e114d9f54d1b6a610fba093ea2fc4a6f0cbda [none]
[debug] [2021-12-12T12:20:10.023Z] >>> [apiv2][body] POST https://upload-firebasehosting.googleapis.com/upload/sites/disney-clone-bc86c/versions/73113e1150ac36ea/files/b75349f41e10181823c43a00643e114d9f54d1b6a610fba093ea2fc4a6f0cbda [stream]
[debug] [2021-12-12T12:20:10.024Z] >>> [apiv2][query] POST https://upload-firebasehosting.googleapis.com/upload/sites/disney-clone-bc86c/versions/73113e1150ac36ea/files/b85f3e4140753c833e8d470f60c2d2fb0c83528d903f6ccd1e040df0514117e4 [none]
[debug] [2021-12-12T12:20:10.025Z] >>> [apiv2][body] POST https://upload-firebasehosting.googleapis.com/upload/sites/disney-clone-bc86c/versions/73113e1150ac36ea/files/b85f3e4140753c833e8d470f60c2d2fb0c83528d903f6ccd1e040df0514117e4 [stream]
[debug] [2021-12-12T12:20:10.026Z] >>> [apiv2][query] POST https://upload-firebasehosting.googleapis.com/upload/sites/disney-clone-bc86c/versions/73113e1150ac36ea/files/07e87ef642059ba8e7f3dd827b3fad2c2fd69d10ce3c1bf68c57d964180c1c86 [none]
[debug] [2021-12-12T12:20:10.026Z] >>> [apiv2][body] POST https://upload-firebasehosting.googleapis.com/upload/sites/disney-clone-bc86c/versions/73113e1150ac36ea/files/07e87ef642059ba8e7f3dd827b3fad2c2fd69d10ce3c1bf68c57d964180c1c86 [stream]
[debug] [2021-12-12T12:20:10.027Z] >>> [apiv2][query] POST https://upload-firebasehosting.googleapis.com/upload/sites/disney-clone-bc86c/versions/73113e1150ac36ea/files/bfd93694d25b61726ad8ac0a81c79fc69ad0f25284363d370668d7246f291e20 [none]
[debug] [2021-12-12T12:20:10.027Z] >>> [apiv2][body] POST https://upload-firebasehosting.googleapis.com/upload/sites/disney-clone-bc86c/versions/73113e1150ac36ea/files/bfd93694d25b61726ad8ac0a81c79fc69ad0f25284363d370668d7246f291e20 [stream]
[debug] [2021-12-12T12:20:10.029Z] >>> [apiv2][query] POST https://upload-firebasehosting.googleapis.com/upload/sites/disney-clone-bc86c/versions/73113e1150ac36ea/files/aa332a3912f9f579500863a8e7d63914d233b5def54eff2085374fb4060cc844 [none]
[debug] [2021-12-12T12:20:10.029Z] >>> [apiv2][body] POST https://upload-firebasehosting.googleapis.com/upload/sites/disney-clone-bc86c/versions/73113e1150ac36ea/files/aa332a3912f9f579500863a8e7d63914d233b5def54eff2085374fb4060cc844 [stream]
[debug] [2021-12-12T12:20:10.033Z] [hosting][populate queue][FINAL] {"max":1814,"min":1814,"avg":1814,"active":0,"complete":1,"success":1,"errored":0,"retried":0,"total":1,"elapsed":1826}
[debug] [2021-12-12T12:20:10.034Z] [hosting] uploads queued: 6
[debug] [2021-12-12T12:20:40.431Z] [uploadQueue] Retrying task bbfc903274847c5dc1100ec0ed045c3d953866bd6680b0651f9925413c2fe83c
[debug] [2021-12-12T12:20:40.432Z] >>> [apiv2][query] POST https://upload-firebasehosting.googleapis.com/upload/sites/disney-clone-bc86c/versions/73113e1150ac36ea/files/bbfc903274847c5dc1100ec0ed045c3d953866bd6680b0651f9925413c2fe83c [none]
[debug] [2021-12-12T12:20:40.432Z] >>> [apiv2][body] POST https://upload-firebasehosting.googleapis.com/upload/sites/disney-clone-bc86c/versions/73113e1150ac36ea/files/bbfc903274847c5dc1100ec0ed045c3d953866bd6680b0651f9925413c2fe83c [stream]
[debug] [2021-12-12T12:20:40.435Z] [uploadQueue] Retrying task b75349f41e10181823c43a00643e114d9f54d1b6a610fba093ea2fc4a6f0cbda
[debug] [2021-12-12T12:20:40.436Z] >>> [apiv2][query] POST https://upload-firebasehosting.googleapis.com/upload/sites/disney-clone-bc86c/versions/73113e1150ac36ea/files/b75349f41e10181823c43a00643e114d9f54d1b6a610fba093ea2fc4a6f0cbda [none]
[debug] [2021-12-12T12:20:40.436Z] >>> [apiv2][body] POST https://upload-firebasehosting.googleapis.com/upload/sites/disney-clone-bc86c/versions/73113e1150ac36ea/files/b75349f41e10181823c43a00643e114d9f54d1b6a610fba093ea2fc4a6f0cbda [stream]
[debug] [2021-12-12T12:20:40.438Z] [uploadQueue] Retrying task b85f3e4140753c833e8d470f60c2d2fb0c83528d903f6ccd1e040df0514117e4
[debug] [2021-12-12T12:20:40.463Z] >>> [apiv2][query] POST https://upload-firebasehosting.googleapis.com/upload/sites/disney-clone-bc86c/versions/73113e1150ac36ea/files/b85f3e4140753c833e8d470f60c2d2fb0c83528d903f6ccd1e040df0514117e4 [none]
[debug] [2021-12-12T12:20:40.468Z] >>> [apiv2][body] POST https://upload-firebasehosting.googleapis.com/upload/sites/disney-clone-bc86c/versions/73113e1150ac36ea/files/b85f3e4140753c833e8d470f60c2d2fb0c83528d903f6ccd1e040df0514117e4 [stream]
[debug] [2021-12-12T12:20:40.478Z] [uploadQueue] Retrying task 07e87ef642059ba8e7f3dd827b3fad2c2fd69d10ce3c1bf68c57d964180c1c86
[debug] [2021-12-12T12:20:40.480Z] >>> [apiv2][query] POST https://upload-firebasehosting.googleapis.com/upload/sites/disney-clone-bc86c/versions/73113e1150ac36ea/files/07e87ef642059ba8e7f3dd827b3fad2c2fd69d10ce3c1bf68c57d964180c1c86 [none]
[debug] [2021-12-12T12:20:40.480Z] >>> [apiv2][body] POST https://upload-firebasehosting.googleapis.com/upload/sites/disney-clone-bc86c/versions/73113e1150ac36ea/files/07e87ef642059ba8e7f3dd827b3fad2c2fd69d10ce3c1bf68c57d964180c1c86 [stream]
[debug] [2021-12-12T12:20:40.487Z] [uploadQueue] Retrying task bfd93694d25b61726ad8ac0a81c79fc69ad0f25284363d370668d7246f291e20
[debug] [2021-12-12T12:20:40.526Z] >>> [apiv2][query] POST https://upload-firebasehosting.googleapis.com/upload/sites/disney-clone-bc86c/versions/73113e1150ac36ea/files/bfd93694d25b61726ad8ac0a81c79fc69ad0f25284363d370668d7246f291e20 [none]
[debug] [2021-12-12T12:20:40.527Z] >>> [apiv2][body] POST https://upload-firebasehosting.googleapis.com/upload/sites/disney-clone-bc86c/versions/73113e1150ac36ea/files/bfd93694d25b61726ad8ac0a81c79fc69ad0f25284363d370668d7246f291e20 [stream]
[debug] [2021-12-12T12:20:40.532Z] [uploadQueue] Retrying task aa332a3912f9f579500863a8e7d63914d233b5def54eff2085374fb4060cc844
[debug] [2021-12-12T12:20:40.540Z] >>> [apiv2][query] POST https://upload-firebasehosting.googleapis.com/upload/sites/disney-clone-bc86c/versions/73113e1150ac36ea/files/aa332a3912f9f579500863a8e7d63914d233b5def54eff2085374fb4060cc844 [none]
[debug] [2021-12-12T12:20:40.540Z] >>> [apiv2][body] POST https://upload-firebasehosting.googleapis.com/upload/sites/disney-clone-bc86c/versions/73113e1150ac36ea/files/aa332a3912f9f579500863a8e7d63914d233b5def54eff2085374fb4060cc844 [stream]
